number,value,datetime_start,datetime_complete,duration,params_batch_size,params_hidden_size,params_learning_rate,params_num_epochs,params_num_layers,state
0,0.6898877712275018,2024-04-20 01:15:53.704170,2024-04-20 01:18:01.944979,0 days 00:02:08.240809,32,128,2.4504999330005602e-05,282,2,COMPLETE
1,0.61649646901137,2024-04-20 01:18:01.946352,2024-04-20 01:18:14.346223,0 days 00:00:12.399871,64,64,0.07589645604999486,123,1,COMPLETE
2,2.184993998262266,2024-04-20 01:18:14.346556,2024-04-20 01:19:29.958339,0 days 00:01:15.611783,64,64,1.0513514549405587e-05,297,3,COMPLETE
3,0.8142768910389073,2024-04-20 01:19:29.959490,2024-04-20 01:22:22.769123,0 days 00:02:52.809633,32,128,0.00025651043615385196,255,3,COMPLETE
4,0.5869062468902955,2024-04-20 01:22:22.772008,2024-04-20 01:22:44.108582,0 days 00:00:21.336574,128,64,0.017219328088073332,117,3,COMPLETE
5,0.5737255146171873,2024-04-20 01:22:44.109232,2024-04-20 01:24:13.447948,0 days 00:01:29.338716,64,128,0.028457659636999224,182,3,COMPLETE
6,0.7668694178789657,2024-04-20 01:24:13.449077,2024-04-20 01:25:42.806330,0 days 00:01:29.357253,32,32,0.0005719152630289315,266,3,PRUNED
7,0.7614021122060864,2024-04-20 01:25:42.809338,2024-04-20 01:27:34.527246,0 days 00:01:51.717908,32,128,0.0001739254253765141,249,2,PRUNED
8,0.6238890876635811,2024-04-20 01:27:34.527729,2024-04-20 01:28:50.084283,0 days 00:01:15.556554,64,128,0.05092818879794096,150,3,COMPLETE
9,0.9096481907051921,2024-04-20 01:28:50.085421,2024-04-20 01:29:22.843996,0 days 00:00:32.758575,32,32,0.00010662992559676386,86,3,PRUNED
10,0.6193839452914055,2024-04-20 01:29:22.845190,2024-04-20 01:29:49.197837,0 days 00:00:26.352647,128,128,0.004442162450974326,202,1,COMPLETE
11,0.5553444463685648,2024-04-20 01:29:49.198467,2024-04-20 01:29:56.273355,0 days 00:00:07.074888,128,64,0.007408353781754719,51,2,COMPLETE
12,0.5784302072414499,2024-04-20 01:29:56.273680,2024-04-20 01:30:03.529662,0 days 00:00:07.255982,128,64,0.004184091445137265,56,2,COMPLETE
13,0.6391908934574254,2024-04-20 01:30:03.530273,2024-04-20 01:30:30.888681,0 days 00:00:27.358408,128,64,0.006900520294803761,195,2,PRUNED
14,0.6032652158216135,2024-04-20 01:30:30.889554,2024-04-20 01:30:44.082953,0 days 00:00:13.193399,64,32,0.018236000154590103,158,1,COMPLETE
15,0.7178238069774299,2024-04-20 01:30:44.083302,2024-04-20 01:31:46.086707,0 days 00:01:02.003405,128,128,0.0015719224013854415,221,2,PRUNED
16,0.5671863925772787,2024-04-20 01:31:46.087629,2024-04-20 01:31:57.040596,0 days 00:00:10.952967,64,64,0.020339597520779237,60,2,COMPLETE
17,0.5554475061940831,2024-04-20 01:31:57.040987,2024-04-20 01:32:04.657238,0 days 00:00:07.616251,128,64,0.0010881210743723076,57,2,COMPLETE
18,0.600159581804907,2024-04-20 01:32:04.657559,2024-04-20 01:32:17.662032,0 days 00:00:13.004473,128,64,0.0010668481101497342,99,2,COMPLETE
19,0.619957742075257,2024-04-20 01:32:17.662642,2024-04-20 01:32:23.460620,0 days 00:00:05.797978,128,64,0.0021417137900947487,80,1,PRUNED
20,0.5601362749243414,2024-04-20 01:32:23.460875,2024-04-20 01:32:30.147496,0 days 00:00:06.686621,128,64,0.000511112853468878,51,2,COMPLETE
21,0.547080003267882,2024-04-20 01:32:30.147832,2024-04-20 01:32:36.452738,0 days 00:00:06.304906,128,64,0.0004323565222822127,50,2,COMPLETE
22,3.0751058182179536,2024-04-20 01:32:36.453086,2024-04-20 01:32:46.743804,0 days 00:00:10.290718,128,64,6.664097565470748e-05,77,2,PRUNED
23,0.6237477675968448,2024-04-20 01:32:46.744050,2024-04-20 01:33:01.275005,0 days 00:00:14.530955,128,64,0.007577242692938824,111,2,PRUNED
24,1.0085022725016866,2024-04-20 01:33:01.275251,2024-04-20 01:33:06.239219,0 days 00:00:04.963968,128,64,0.00047767656098185956,72,1,PRUNED
25,0.6206941453036883,2024-04-20 01:33:06.239454,2024-04-20 01:33:18.559760,0 days 00:00:12.320306,128,64,0.0028004025529384893,97,2,PRUNED
26,0.6534801596837327,2024-04-20 01:33:18.560001,2024-04-20 01:33:30.365705,0 days 00:00:11.805704,128,32,0.0012221447823854857,139,2,PRUNED
27,3.460667973006798,2024-04-20 01:33:30.365930,2024-04-20 01:33:34.007073,0 days 00:00:03.641143,128,64,0.00026492110266785007,51,1,PRUNED
28,0.5576068810082428,2024-04-20 01:33:34.007307,2024-04-20 01:33:42.866309,0 days 00:00:08.859002,128,64,0.0006837814387392505,69,2,COMPLETE
29,3.6247691599738525,2024-04-20 01:33:42.866769,2024-04-20 01:33:56.965155,0 days 00:00:14.098386,128,64,4.624870690081439e-05,97,2,PRUNED
30,6.497763577518084,2024-04-20 01:33:56.965487,2024-04-20 01:34:04.699293,0 days 00:00:07.733806,128,32,2.9774555187246087e-05,91,2,PRUNED
31,0.5635487146724929,2024-04-20 01:34:04.699637,2024-04-20 01:34:13.501235,0 days 00:00:08.801598,128,64,0.0005137949678921115,67,2,COMPLETE
32,0.5616311724612254,2024-04-20 01:34:13.501584,2024-04-20 01:34:22.713627,0 days 00:00:09.212043,128,64,0.0008913336515271183,71,2,COMPLETE
33,0.5559845301489166,2024-04-20 01:34:22.713942,2024-04-20 01:34:39.621417,0 days 00:00:16.907475,128,64,0.00017211080233078675,132,2,COMPLETE
34,0.7414811344336201,2024-04-20 01:34:39.621737,2024-04-20 01:35:00.083748,0 days 00:00:20.462011,32,64,0.00013465113036106407,130,1,PRUNED
35,0.5614364383236462,2024-04-20 01:35:00.083968,2024-04-20 01:35:14.182566,0 days 00:00:14.098598,128,64,0.0002747457119879121,111,2,COMPLETE
36,0.6376939541456715,2024-04-20 01:35:14.182938,2024-04-20 01:35:34.249470,0 days 00:00:20.066532,128,64,8.638722495400758e-05,156,2,PRUNED
37,0.5808340260129891,2024-04-20 01:35:34.249733,2024-04-20 01:36:21.861838,0 days 00:00:47.612105,64,64,0.09678297469572383,176,3,PRUNED
38,2.4388333641140667,2024-04-20 01:36:21.862679,2024-04-20 01:36:55.602985,0 days 00:00:33.740306,32,64,1.6671523633881213e-05,116,2,PRUNED
39,0.5578550761503889,2024-04-20 01:36:55.603225,2024-04-20 01:37:20.932509,0 days 00:00:25.329284,128,64,0.00019424655244710927,136,3,COMPLETE
40,0.5561543104269646,2024-04-20 01:37:20.932857,2024-04-20 01:37:34.515364,0 days 00:00:13.582507,128,128,0.0003393142107075467,50,2,COMPLETE
41,0.5682841161623695,2024-04-20 01:37:34.515731,2024-04-20 01:37:51.622351,0 days 00:00:17.106620,128,128,0.0003756977796781187,63,2,PRUNED
42,0.572777485965893,2024-04-20 01:37:51.623270,2024-04-20 01:38:14.744337,0 days 00:00:23.121067,128,128,0.00015479892631129472,85,2,PRUNED
43,0.6259454487570074,2024-04-20 01:38:14.744583,2024-04-20 01:38:30.432091,0 days 00:00:15.687508,128,128,0.008625602857342717,60,2,PRUNED
44,0.6787276454319229,2024-04-20 01:38:30.432378,2024-04-20 01:38:53.857976,0 days 00:00:23.425598,32,128,0.04140787300633101,53,2,PRUNED
45,0.677261337381325,2024-04-20 01:38:53.858787,2024-04-20 01:39:22.393035,0 days 00:00:28.534248,128,128,0.0002917109319766173,106,2,PRUNED
46,0.5607226146570105,2024-04-20 01:39:22.393301,2024-04-20 01:39:37.790420,0 days 00:00:15.397119,64,32,0.0023741022621196193,84,3,COMPLETE
47,0.6258099564653359,2024-04-20 01:39:37.790724,2024-04-20 01:40:54.074336,0 days 00:01:16.283612,128,128,4.992115594473445e-05,289,2,PRUNED
48,0.6965108070547217,2024-04-20 01:40:54.074983,2024-04-20 01:41:23.352377,0 days 00:00:29.277394,128,64,0.011912594582208032,232,2,PRUNED
49,0.7107447585522735,2024-04-20 01:41:23.352619,2024-04-20 01:41:51.280851,0 days 00:00:27.928232,32,128,0.0008525969963702638,124,1,PRUNED
50,0.5810680285194852,2024-04-20 01:41:51.281088,2024-04-20 01:42:26.703649,0 days 00:00:35.422561,64,64,0.00010669615613790729,193,2,PRUNED
51,0.5642907134152406,2024-04-20 01:42:26.703905,2024-04-20 01:42:36.304277,0 days 00:00:09.600372,128,64,0.0016713500867459462,68,2,COMPLETE
52,0.5619424821919952,2024-04-20 01:42:36.304903,2024-04-20 01:42:45.633865,0 days 00:00:09.328962,128,64,0.0007009474343853056,75,2,COMPLETE
53,0.5793940495576291,2024-04-20 01:42:45.634184,2024-04-20 01:42:53.551249,0 days 00:00:07.917065,128,64,0.004630257042354449,60,2,PRUNED
54,1.1624085086465672,2024-04-20 01:42:53.551713,2024-04-20 01:43:00.639082,0 days 00:00:07.087369,128,64,0.0002035173078023423,51,2,PRUNED
55,0.5609848552784383,2024-04-20 01:43:00.639942,2024-04-20 01:43:11.613095,0 days 00:00:10.973153,128,64,0.0006336516961331446,78,2,COMPLETE
56,0.5646500411807306,2024-04-20 01:43:11.613432,2024-04-20 01:43:22.737546,0 days 00:00:11.124114,128,32,0.0004201463200817889,92,3,PRUNED
57,0.5595740495533343,2024-04-20 01:43:22.737792,2024-04-20 01:43:31.084459,0 days 00:00:08.346667,128,64,0.0011518331253042675,65,2,COMPLETE
58,0.7125515330311478,2024-04-20 01:43:31.085035,2024-04-20 01:44:06.009204,0 days 00:00:34.924169,128,64,0.00034262167187278574,267,2,PRUNED
59,0.6313214775347552,2024-04-20 01:44:06.009639,2024-04-20 01:44:19.645107,0 days 00:00:13.635468,128,64,0.0033790117425460562,103,2,PRUNED
60,0.6101127526223264,2024-04-20 01:44:19.645360,2024-04-20 01:44:35.912388,0 days 00:00:16.267028,128,128,0.0014198624304739237,59,2,PRUNED
61,0.5574662767301332,2024-04-20 01:44:35.912636,2024-04-20 01:45:02.316550,0 days 00:00:26.403914,128,64,0.0002054162089241012,142,3,COMPLETE
62,0.5578903573435663,2024-04-20 01:45:02.316891,2024-04-20 01:45:29.586171,0 days 00:00:27.269280,128,64,0.00023102301966423155,145,3,COMPLETE
63,0.7276914379454607,2024-04-20 01:45:29.587100,2024-04-20 01:45:51.889529,0 days 00:00:22.302429,128,64,0.0007152330748358094,169,2,PRUNED
64,3.056981185414144,2024-04-20 01:45:51.889783,2024-04-20 01:46:01.288624,0 days 00:00:09.398841,128,64,8.621582066329081e-05,50,3,PRUNED
65,0.542605913790646,2024-04-20 01:46:01.288871,2024-04-20 01:46:23.668593,0 days 00:00:22.379722,128,64,0.00012127055788772313,166,2,COMPLETE
66,0.573488218539598,2024-04-20 01:46:23.668927,2024-04-20 01:46:52.346645,0 days 00:00:28.677718,64,64,0.00012253073281629021,160,2,PRUNED
67,1.1180812563722498,2024-04-20 01:46:52.347022,2024-04-20 01:47:06.681122,0 days 00:00:14.334100,128,32,0.00016137115367754687,165,2,PRUNED
68,0.7665096388352628,2024-04-20 01:47:06.681374,2024-04-20 01:47:26.535916,0 days 00:00:19.854542,128,64,7.77391427493737e-05,149,2,PRUNED
69,0.5902493442525927,2024-04-20 01:47:26.536220,2024-04-20 01:48:28.448520,0 days 00:01:01.912300,32,64,5.123452249637204e-05,214,2,PRUNED
70,1.9390784600712603,2024-04-20 01:48:28.449335,2024-04-20 01:48:52.184923,0 days 00:00:23.735588,128,64,3.7836361521890476e-05,184,2,PRUNED
71,0.5583439854991357,2024-04-20 01:48:52.185336,2024-04-20 01:49:01.267304,0 days 00:00:09.081968,128,64,0.000438343107294221,68,2,COMPLETE
72,0.6008254490940776,2024-04-20 01:49:01.267676,2024-04-20 01:49:18.517746,0 days 00:00:17.250070,128,64,0.00027436446253279237,138,2,PRUNED
73,0.5628607307838288,2024-04-20 01:49:18.518030,2024-04-20 01:49:28.161533,0 days 00:00:09.643503,128,64,0.00032783709420761544,74,2,PRUNED
74,0.5534958871389856,2024-04-20 01:49:28.161794,2024-04-20 01:49:44.167614,0 days 00:00:16.005820,128,64,0.0001642222503510723,126,2,COMPLETE
75,0.58069242957412,2024-04-20 01:49:44.167939,2024-04-20 01:49:59.553485,0 days 00:00:15.385546,128,64,0.00013535758939270628,125,2,PRUNED
76,1.4655673678347605,2024-04-20 01:49:59.553856,2024-04-20 01:50:16.153954,0 days 00:00:16.600098,128,64,6.121532596768046e-05,133,2,PRUNED
77,0.5863248806520802,2024-04-20 01:50:16.154334,2024-04-20 01:50:47.806504,0 days 00:00:31.652170,128,128,0.00010203221000908301,118,2,PRUNED
78,0.5782719839882378,2024-04-20 01:50:47.806970,2024-04-20 01:51:07.065321,0 days 00:00:19.258351,128,64,0.00021580921767550782,145,2,PRUNED
79,1.2958901548227726,2024-04-20 01:51:07.065613,2024-04-20 01:51:22.173141,0 days 00:00:15.107528,128,64,0.0001559140735702901,179,1,PRUNED
80,0.559202967672948,2024-04-20 01:51:22.174023,2024-04-20 01:51:35.539946,0 days 00:00:13.365923,64,32,0.0005316090892057496,90,2,COMPLETE
81,0.6850712832630864,2024-04-20 01:51:35.540304,2024-04-20 01:51:58.653332,0 days 00:00:23.113028,128,64,0.0009273100542887205,169,2,PRUNED
82,0.5905024385215432,2024-04-20 01:51:58.653754,2024-04-20 01:52:05.794859,0 days 00:00:07.141105,128,64,0.022094190106463022,55,2,PRUNED
83,0.5561872359735287,2024-04-20 01:52:05.795110,2024-04-20 01:52:17.276833,0 days 00:00:11.481723,128,64,0.0003570816137971738,81,2,COMPLETE
84,0.78220897549825,2024-04-20 01:52:17.277155,2024-04-20 01:52:27.892293,0 days 00:00:10.615138,128,64,0.00018332923144167898,82,2,PRUNED
85,0.6026692840437227,2024-04-20 01:52:27.892728,2024-04-20 01:52:48.211011,0 days 00:00:20.318283,128,64,0.0003912845122719206,154,2,PRUNED
86,0.5679300692302502,2024-04-20 01:52:48.211252,2024-04-20 01:53:03.973302,0 days 00:00:15.762050,128,128,0.00024132419411602787,57,2,PRUNED
87,0.620926333065854,2024-04-20 01:53:03.973578,2024-04-20 01:53:23.076035,0 days 00:00:19.102457,32,64,0.00031394445197879237,65,2,PRUNED
88,0.5390944984180248,2024-04-20 01:53:23.076810,2024-04-20 01:53:59.827506,0 days 00:00:36.750696,128,64,0.00010915152006872668,187,3,COMPLETE
89,6.715883786788839,2024-04-20 01:53:59.828532,2024-04-20 01:54:07.305800,0 days 00:00:07.477268,128,64,2.3029622082928063e-05,50,2,PRUNED
90,0.6741662861890352,2024-04-20 01:54:07.306131,2024-04-20 01:54:59.365780,0 days 00:00:52.059649,128,128,0.00011658172262932438,187,2,PRUNED
91,0.557129619018921,2024-04-20 01:54:59.366766,2024-04-20 01:55:39.548277,0 days 00:00:40.181511,128,64,0.0001809238969381703,208,3,COMPLETE
92,0.60483991847133,2024-04-20 01:55:39.548653,2024-04-20 01:56:15.143145,0 days 00:00:35.594492,128,64,6.861974879724727e-05,197,3,PRUNED
93,1.260557300207631,2024-04-20 01:56:15.143626,2024-04-20 01:56:25.603833,0 days 00:00:10.460207,128,64,0.00013867769431540245,59,3,PRUNED
94,0.5462724702247721,2024-04-20 01:56:25.604087,2024-04-20 01:57:03.644058,0 days 00:00:38.039971,128,64,9.768875128744305e-05,208,3,COMPLETE
95,0.5426623687838876,2024-04-20 01:57:03.645050,2024-04-20 01:57:45.756614,0 days 00:00:42.111564,128,64,9.949621712958747e-05,230,3,COMPLETE
96,0.5519395461540348,2024-04-20 01:57:45.756953,2024-04-20 01:58:27.352669,0 days 00:00:41.595716,128,64,9.610432115088357e-05,227,3,COMPLETE
97,1.0782402462517189,2024-04-20 01:58:27.353006,2024-04-20 01:59:11.459321,0 days 00:00:44.106315,128,64,3.4441736250105754e-05,234,3,PRUNED
98,0.5392776527941622,2024-04-20 01:59:11.460285,2024-04-20 01:59:54.926309,0 days 00:00:43.466024,128,64,9.179049485093836e-05,227,3,COMPLETE
99,0.5710865233512903,2024-04-20 01:59:54.927327,2024-04-20 02:00:50.225321,0 days 00:00:55.297994,64,64,9.596894101195427e-05,230,3,PRUNED
